La génération a démarré 18/03/2015 20:16:11.
     1>Projet "E:\Irrlicht\Test\Test\Test.vcxproj" sur le nœud 2 (Build cible(s)).
     1>Link:
         C:\Program Files (x86)\Microsoft Visual Studio 12.0\VC\bin\x86_amd64\link.exe /ERRORREPORT:PROMPT /OUT:"E:\Irrlicht\Test\x64\Debug\Test.exe" /INCREMENTAL /NOLOGO /LIBPATH:"E:\Irrlicht\irrlicht-1.8.1\lib\Win32-visualstudio" /LIBPATH:"E:\Irrlicht\irrlicht-1.8.1\lib\Win64-visualStudio" kernel32.lib user32.lib gdi32.lib winspool.lib comdlg32.lib advapi32.lib shell32.lib ole32.lib oleaut32.lib uuid.lib odbc32.lib odbccp32.lib irrlicht.lib kernel32.lib user32.lib gdi32.lib winspool.lib comdlg32.lib advapi32.lib shell32.lib ole32.lib oleaut32.lib uuid.lib odbc32.lib odbccp32.lib /MANIFEST /MANIFESTUAC:"level='asInvoker' uiAccess='false'" /manifest:embed /DEBUG /PDB:"E:\Irrlicht\Test\x64\Debug\Test.pdb" /TLBID:1 /DYNAMICBASE /NXCOMPAT /IMPLIB:"E:\Irrlicht\Test\x64\Debug\Test.lib" /MACHINE:X64 x64\Debug\main.obj
     1>main.obj : error LNK2019: symbole externe non résolu __imp_createDevice référencé dans la fonction main
     1>E:\Irrlicht\Test\x64\Debug\Test.exe : fatal error LNK1120: 1 externes non résolus
     1>Génération du projet "E:\Irrlicht\Test\Test\Test.vcxproj" terminée (Build cible(s)) -- ÉCHEC.

ÉCHEC de la build.

Temps écoulé 00:00:00.19
