Build started 21/03/2015 14:13:35.
     1>Project "C:\Users\tyson\Documents\GitHub\worldsparticle\TestIrrlicht\TestIrrlicht\TestIrrlicht.vcxproj" on node 2 (Build target(s)).
     1>ClCompile:
         C:\Program Files (x86)\Microsoft Visual Studio 12.0\VC\bin\x86_amd64\CL.exe /c /Zi /nologo /W3 /WX- /sdl /Od /D _MBCS /Gm /EHsc /RTC1 /MDd /GS /fp:precise /Zc:wchar_t /Zc:forScope /Fo"x64\DebugWin64\\" /Fd"x64\DebugWin64\vc120.pdb" /Gd /TP /errorReport:prompt main.cpp
         main.cpp
     1>main.cpp(45): fatal error C1083: Cannot open include file: 'irrlicht.h': No such file or directory
     1>Done Building Project "C:\Users\tyson\Documents\GitHub\worldsparticle\TestIrrlicht\TestIrrlicht\TestIrrlicht.vcxproj" (Build target(s)) -- FAILED.

Build FAILED.

Time Elapsed 00:00:00.74
